Arguments: 
  /usr/local/Cellar/node/7.3.0/bin/node /usr/local/bin/yarn add yargs

PATH: 
  /usr/local/bin:/usr/local/sbin:/usr/bin:/bin:/usr/sbin:/sbin

Yarn version: 
  0.18.1

Node version: 
  7.3.0

Platform: 
  darwin x64

npm manifest: 
  {
    "name": "advent-of-code-2016",
    "version": "1.0.0",
    "description": "",
    "main": "index.js",
    "directories": {
      "test": "test"
    },
    "scripts": {
      "test": "echo \"Error: no test specified\" && exit 1"
    },
    "repository": {
      "type": "git",
      "url": "git+https://github.com/rzeigler/advent-of-code-2016.git"
    },
    "author": "",
    "license": "ISC",
    "bugs": {
      "url": "https://github.com/rzeigler/advent-of-code-2016/issues"
    },
    "homepage": "https://github.com/rzeigler/advent-of-code-2016#readme"
  }

yarn manifest: 
  No manifest

Lockfile: 
  No lockfile

Trace: 
  Error: https://artifactory.ops.taillight.com:443/artifactory/api/npm/npm-virtual/read-pkg-up/-/read-pkg-up-1.0.1.tgz: Request failed "401 Unauthorized"
      at Request.handleRequestError (/usr/local/Cellar/yarn/0.18.1/libexec/lib/node_modules/yarn/lib/fetchers/tarball-fetcher.js:231:20)
      at emitOne (events.js:96:13)
      at Request.emit (events.js:188:7)
      at Request.onRequestResponse (/usr/local/Cellar/yarn/0.18.1/libexec/lib/node_modules/yarn/node_modules/request/request.js:986:10)
      at emitOne (events.js:96:13)
      at ClientRequest.emit (events.js:188:7)
      at HTTPParser.parserOnIncomingClient (_http_client.js:473:21)
      at HTTPParser.parserOnHeadersComplete (_http_common.js:99:23)
      at TLSSocket.socketOnData (_http_client.js:362:20)
      at emitOne (events.js:96:13)
